{"C:\\elzero\\jest\\scripts\\mock.js": {"path":"C:\\elzero\\jest\\scripts\\mock.js","statementMap":{"0":{"start":{"line":2,"column":4},"end":{"line":2,"column":27}},"1":{"start":{"line":4,"column":0},"end":{"line":4,"column":23}}},"fnMap":{"0":{"name":"hello","decl":{"start":{"line":1,"column":9},"end":{"line":1,"column":14}},"loc":{"start":{"line":1,"column":21},"end":{"line":3,"column":1}},"line":1}},"branchMap":{},"s":{"0":0,"1":1},"f":{"0":0},"b":{},"_coverageSchema":"1a1c01bbd47fc00a2c39e90264f33305004495a9","hash":"6bfdafb494cb47e3e9a4a231c71210c55741c827"}
}
